This file contains any messages produced by compilers while
running configure, to aid debugging if configure makes a mistake.

It was created by d2x-xl configure 1.5.27, which was
generated by GNU Autoconf 2.59.  Invocation command line was

  $ ./configure --enable-release=yes

## --------- ##
## Platform. ##
## --------- ##

hostname = wka-lx-dm
uname -m = i686
uname -r = 2.6.13-15-default
uname -s = Linux
uname -v = #1 Tue Sep 13 14:56:15 UTC 2005

/usr/bin/uname -p = unknown
/bin/uname -X     = unknown

/bin/arch              = i686
/usr/bin/arch -k       = unknown
/usr/convex/getsysinfo = unknown
hostinfo               = unknown
/bin/machine           = unknown
/usr/bin/oslevel       = unknown
/bin/universe          = unknown

PATH: /home/dmali/bin
PATH: /usr/local/bin
PATH: /usr/bin
PATH: /usr/X11R6/bin
PATH: /bin
PATH: /usr/games
PATH: /opt/gnome/bin
PATH: /opt/kde3/bin
PATH: /usr/lib/mit/bin
PATH: /usr/lib/mit/sbin


## ----------- ##
## Core tests. ##
## ----------- ##

configure:1394: checking build system type
configure:1412: result: i686-suse-linux
configure:1420: checking host system type
configure:1434: result: i686-suse-linux
configure:1442: checking target system type
configure:1456: result: i686-suse-linux
configure:1488: checking for a BSD-compatible install
configure:1543: result: /usr/bin/install -c
configure:1554: checking whether build environment is sane
configure:1597: result: yes
configure:1662: checking for gawk
configure:1678: found /usr/bin/gawk
configure:1688: result: gawk
configure:1698: checking whether make sets $(MAKE)
configure:1718: result: yes
configure:1906: checking whether to enable maintainer-specific portions of Makefiles
configure:1915: result: no
configure:1947: checking for a BSD-compatible install
configure:2002: result: /usr/bin/install -c
configure:2013: checking whether make sets $(MAKE)
configure:2033: result: yes
configure:2054: checking for style of include used by make
configure:2082: result: GNU
configure:2153: checking for gcc
configure:2169: found /usr/bin/gcc
configure:2179: result: gcc
configure:2423: checking for C compiler version
configure:2426: gcc --version </dev/null >&5
gcc (GCC) 4.0.2 20050901 (prerelease) (SUSE Linux)
Copyright (C) 2005 Free Software Foundation, Inc.
This is free software; see the source for copying conditions.  There is NO
warranty; not even for MERCHANTABILITY or FITNESS FOR A PARTICULAR PURPOSE.

configure:2429: $? = 0
configure:2431: gcc -v </dev/null >&5
Using built-in specs.
Target: i586-suse-linux
Configured with: ../configure --enable-threads=posix --prefix=/usr --with-local-prefix=/usr/local --infodir=/usr/share/info --mandir=/usr/share/man --libdir=/usr/lib --libexecdir=/usr/lib --enable-languages=c,c++,objc,f95,java,ada --disable-checking --with-gxx-include-dir=/usr/include/c++/4.0.2 --enable-java-awt=gtk --disable-libjava-multilib --with-slibdir=/lib --with-system-zlib --enable-shared --enable-__cxa_atexit --without-system-libunwind --host=i586-suse-linux
Thread model: posix
gcc version 4.0.2 20050901 (prerelease) (SUSE Linux)
configure:2434: $? = 0
configure:2436: gcc -V </dev/null >&5
gcc: '-V' option must have argument
configure:2439: $? = 1
configure:2462: checking for C compiler default output file name
configure:2465: gcc     conftest.c  >&5
configure:2468: $? = 0
configure:2514: result: a.out
configure:2519: checking whether the C compiler works
configure:2525: ./a.out
configure:2528: $? = 0
configure:2545: result: yes
configure:2552: checking whether we are cross compiling
configure:2554: result: no
configure:2557: checking for suffix of executables
configure:2559: gcc -o conftest     conftest.c  >&5
configure:2562: $? = 0
configure:2587: result: 
configure:2593: checking for suffix of object files
configure:2614: gcc -c    conftest.c >&5
configure:2617: $? = 0
configure:2639: result: o
configure:2643: checking whether we are using the GNU C compiler
configure:2667: gcc -c    conftest.c >&5
configure:2673: $? = 0
configure:2677: test -z 
			 || test ! -s conftest.err
configure:2680: $? = 0
configure:2683: test -s conftest.o
configure:2686: $? = 0
configure:2699: result: yes
configure:2705: checking whether gcc accepts -g
configure:2726: gcc -c -g  conftest.c >&5
configure:2732: $? = 0
configure:2736: test -z 
			 || test ! -s conftest.err
configure:2739: $? = 0
configure:2742: test -s conftest.o
configure:2745: $? = 0
configure:2756: result: yes
configure:2773: checking for gcc option to accept ANSI C
configure:2843: gcc  -c    conftest.c >&5
configure:2849: $? = 0
configure:2853: test -z 
			 || test ! -s conftest.err
configure:2856: $? = 0
configure:2859: test -s conftest.o
configure:2862: $? = 0
configure:2880: result: none needed
configure:2898: gcc -c    conftest.c >&5
conftest.c:2: error: syntax error before 'me'
configure:2904: $? = 1
configure: failed program was:
| #ifndef __cplusplus
|   choke me
| #endif
configure:3039: checking dependency style of gcc
configure:3129: result: gcc3
configure:3147: checking for library containing strerror
configure:3177: gcc -o conftest     conftest.c  >&5
configure:3183: $? = 0
configure:3187: test -z 
			 || test ! -s conftest.err
configure:3190: $? = 0
configure:3193: test -s conftest
configure:3196: $? = 0
configure:3266: result: none required
configure:3314: checking for gcc
configure:3341: result: gcc
configure:3394: checking for ranlib
configure:3410: found /usr/bin/ranlib
configure:3421: result: ranlib
configure:3474: checking for strip
configure:3490: found /usr/bin/strip
configure:3501: result: strip
configure:3554: checking for ar
configure:3570: found /usr/bin/ar
configure:3581: result: ar
configure:3639: checking for gcc
configure:3665: result: gcc
configure:3909: checking for C compiler version
configure:3912: gcc --version </dev/null >&5
gcc (GCC) 4.0.2 20050901 (prerelease) (SUSE Linux)
Copyright (C) 2005 Free Software Foundation, Inc.
This is free software; see the source for copying conditions.  There is NO
warranty; not even for MERCHANTABILITY or FITNESS FOR A PARTICULAR PURPOSE.

configure:3915: $? = 0
configure:3917: gcc -v </dev/null >&5
Using built-in specs.
Target: i586-suse-linux
Configured with: ../configure --enable-threads=posix --prefix=/usr --with-local-prefix=/usr/local --infodir=/usr/share/info --mandir=/usr/share/man --libdir=/usr/lib --libexecdir=/usr/lib --enable-languages=c,c++,objc,f95,java,ada --disable-checking --with-gxx-include-dir=/usr/include/c++/4.0.2 --enable-java-awt=gtk --disable-libjava-multilib --with-slibdir=/lib --with-system-zlib --enable-shared --enable-__cxa_atexit --without-system-libunwind --host=i586-suse-linux
Thread model: posix
gcc version 4.0.2 20050901 (prerelease) (SUSE Linux)
configure:3920: $? = 0
configure:3922: gcc -V </dev/null >&5
gcc: '-V' option must have argument
configure:3925: $? = 1
configure:3928: checking whether we are using the GNU C compiler
configure:3984: result: yes
configure:3990: checking whether gcc accepts -g
configure:4041: result: yes
configure:4058: checking for gcc option to accept ANSI C
configure:4165: result: none needed
configure:4183: gcc -c    conftest.c >&5
conftest.c:2: error: syntax error before 'me'
configure:4189: $? = 1
configure: failed program was:
| #ifndef __cplusplus
|   choke me
| #endif
configure:4324: checking dependency style of gcc
configure:4414: result: gcc3
configure:4483: checking for g++
configure:4499: found /usr/bin/g++
configure:4509: result: g++
configure:4525: checking for C++ compiler version
configure:4528: g++ --version </dev/null >&5
g++ (GCC) 4.0.2 20050901 (prerelease) (SUSE Linux)
Copyright (C) 2005 Free Software Foundation, Inc.
This is free software; see the source for copying conditions.  There is NO
warranty; not even for MERCHANTABILITY or FITNESS FOR A PARTICULAR PURPOSE.

configure:4531: $? = 0
configure:4533: g++ -v </dev/null >&5
Using built-in specs.
Target: i586-suse-linux
Configured with: ../configure --enable-threads=posix --prefix=/usr --with-local-prefix=/usr/local --infodir=/usr/share/info --mandir=/usr/share/man --libdir=/usr/lib --libexecdir=/usr/lib --enable-languages=c,c++,objc,f95,java,ada --disable-checking --with-gxx-include-dir=/usr/include/c++/4.0.2 --enable-java-awt=gtk --disable-libjava-multilib --with-slibdir=/lib --with-system-zlib --enable-shared --enable-__cxa_atexit --without-system-libunwind --host=i586-suse-linux
Thread model: posix
gcc version 4.0.2 20050901 (prerelease) (SUSE Linux)
configure:4536: $? = 0
configure:4538: g++ -V </dev/null >&5
g++: '-V' option must have argument
configure:4541: $? = 1
configure:4544: checking whether we are using the GNU C++ compiler
configure:4568: g++ -c   conftest.cc >&5
configure:4574: $? = 0
configure:4578: test -z 
			 || test ! -s conftest.err
configure:4581: $? = 0
configure:4584: test -s conftest.o
configure:4587: $? = 0
configure:4600: result: yes
configure:4606: checking whether g++ accepts -g
configure:4627: g++ -c -g  conftest.cc >&5
configure:4633: $? = 0
configure:4637: test -z 
			 || test ! -s conftest.err
configure:4640: $? = 0
configure:4643: test -s conftest.o
configure:4646: $? = 0
configure:4657: result: yes
configure:4699: g++ -c -g -O2  conftest.cc >&5
configure:4705: $? = 0
configure:4709: test -z 
			 || test ! -s conftest.err
configure:4712: $? = 0
configure:4715: test -s conftest.o
configure:4718: $? = 0
configure:4744: g++ -c -g -O2  conftest.cc >&5
conftest.cc: In function 'int main()':
conftest.cc:18: error: 'exit' was not declared in this scope
configure:4750: $? = 1
configure: failed program was:
| /* confdefs.h.  */
| 
| #define PACKAGE_NAME "d2x-xl"
| #define PACKAGE_TARNAME "d2x-xl"
| #define PACKAGE_VERSION "1.5.27"
| #define PACKAGE_STRING "d2x-xl 1.5.27"
| #define PACKAGE_BUGREPORT "karx11erx@hotmail.com"
| #define PACKAGE "d2x-xl"
| #define VERSION "1.5.27"
| #define D2XMAJOR 1
| #define D2XMINOR 5
| #define D2XMICRO 27
| /* end confdefs.h.  */
| 
| int
| main ()
| {
| exit (42);
|   ;
|   return 0;
| }
configure:4699: g++ -c -g -O2  conftest.cc >&5
configure:4705: $? = 0
configure:4709: test -z 
			 || test ! -s conftest.err
configure:4712: $? = 0
configure:4715: test -s conftest.o
configure:4718: $? = 0
configure:4744: g++ -c -g -O2  conftest.cc >&5
configure:4750: $? = 0
configure:4754: test -z 
			 || test ! -s conftest.err
configure:4757: $? = 0
configure:4760: test -s conftest.o
configure:4763: $? = 0
configure:4788: checking dependency style of g++
configure:4878: result: gcc3
configure:4900: checking how to run the C preprocessor
configure:4935: gcc -E  conftest.c
configure:4941: $? = 0
configure:4973: gcc -E  conftest.c
conftest.c:17:28: error: ac_nonexistent.h: No such file or directory
configure:4979: $? = 1
configure: failed program was:
| /* confdefs.h.  */
| 
| #define PACKAGE_NAME "d2x-xl"
| #define PACKAGE_TARNAME "d2x-xl"
| #define PACKAGE_VERSION "1.5.27"
| #define PACKAGE_STRING "d2x-xl 1.5.27"
| #define PACKAGE_BUGREPORT "karx11erx@hotmail.com"
| #define PACKAGE "d2x-xl"
| #define VERSION "1.5.27"
| #define D2XMAJOR 1
| #define D2XMINOR 5
| #define D2XMICRO 27
| #ifdef __cplusplus
| extern "C" void std::exit (int) throw (); using std::exit;
| #endif
| /* end confdefs.h.  */
| #include <ac_nonexistent.h>
configure:5018: result: gcc -E
configure:5042: gcc -E  conftest.c
configure:5048: $? = 0
configure:5080: gcc -E  conftest.c
conftest.c:17:28: error: ac_nonexistent.h: No such file or directory
configure:5086: $? = 1
configure: failed program was:
| /* confdefs.h.  */
| 
| #define PACKAGE_NAME "d2x-xl"
| #define PACKAGE_TARNAME "d2x-xl"
| #define PACKAGE_VERSION "1.5.27"
| #define PACKAGE_STRING "d2x-xl 1.5.27"
| #define PACKAGE_BUGREPORT "karx11erx@hotmail.com"
| #define PACKAGE "d2x-xl"
| #define VERSION "1.5.27"
| #define D2XMAJOR 1
| #define D2XMINOR 5
| #define D2XMICRO 27
| #ifdef __cplusplus
| extern "C" void std::exit (int) throw (); using std::exit;
| #endif
| /* end confdefs.h.  */
| #include <ac_nonexistent.h>
configure:5130: checking for egrep
configure:5140: result: grep -E
configure:5145: checking for ANSI C header files
configure:5170: gcc -c    conftest.c >&5
configure:5176: $? = 0
configure:5180: test -z 
			 || test ! -s conftest.err
configure:5183: $? = 0
configure:5186: test -s conftest.o
configure:5189: $? = 0
configure:5278: gcc -o conftest     conftest.c  >&5
conftest.c: In function 'main':
conftest.c:34: warning: incompatible implicit declaration of built-in function 'exit'
configure:5281: $? = 0
configure:5283: ./conftest
configure:5286: $? = 0
configure:5301: result: yes
configure:5315: checking for nasm
configure:5348: result: no
configure:5315: checking for nasmw
configure:5348: result: no
configure:5356: checking whether byte ordering is bigendian
configure:5383: gcc -c    conftest.c >&5
configure:5389: $? = 0
configure:5393: test -z 
			 || test ! -s conftest.err
configure:5396: $? = 0
configure:5399: test -s conftest.o
configure:5402: $? = 0
configure:5426: gcc -c    conftest.c >&5
conftest.c: In function 'main':
conftest.c:25: error: 'not' undeclared (first use in this function)
conftest.c:25: error: (Each undeclared identifier is reported only once
conftest.c:25: error: for each function it appears in.)
conftest.c:25: error: syntax error before 'big'
configure:5432: $? = 1
configure: failed program was:
| /* confdefs.h.  */
| 
| #define PACKAGE_NAME "d2x-xl"
| #define PACKAGE_TARNAME "d2x-xl"
| #define PACKAGE_VERSION "1.5.27"
| #define PACKAGE_STRING "d2x-xl 1.5.27"
| #define PACKAGE_BUGREPORT "karx11erx@hotmail.com"
| #define PACKAGE "d2x-xl"
| #define VERSION "1.5.27"
| #define D2XMAJOR 1
| #define D2XMINOR 5
| #define D2XMICRO 27
| #ifdef __cplusplus
| extern "C" void std::exit (int) throw (); using std::exit;
| #endif
| #define STDC_HEADERS 1
| /* end confdefs.h.  */
| #include <sys/types.h>
| #include <sys/param.h>
| 
| int
| main ()
| {
| #if BYTE_ORDER != BIG_ENDIAN
|  not big endian
| #endif
| 
|   ;
|   return 0;
| }
configure:5567: result: no
configure:5616: checking whether nanosleep is declared
configure:5641: gcc -c    conftest.c >&5
configure:5647: $? = 0
configure:5651: test -z 
			 || test ! -s conftest.err
configure:5654: $? = 0
configure:5657: test -s conftest.o
configure:5660: $? = 0
configure:5671: result: yes
configure:5689: checking for struct timespec
configure:5714: gcc -c    conftest.c >&5
configure:5720: $? = 0
configure:5724: test -z 
			 || test ! -s conftest.err
configure:5727: $? = 0
configure:5730: test -s conftest.o
configure:5733: $? = 0
configure:5744: result: yes
configure:5754: checking for struct timeval
configure:5779: gcc -c    conftest.c >&5
configure:5785: $? = 0
configure:5789: test -z 
			 || test ! -s conftest.err
configure:5792: $? = 0
configure:5795: test -s conftest.o
configure:5798: $? = 0
configure:5809: result: yes
configure:6096: checking for sdl-config
configure:6114: found /usr/bin/sdl-config
configure:6127: result: /usr/bin/sdl-config
configure:6135: checking for SDL - version >= 1.2.8-8
configure:6225: gcc -o conftest -pipe -O2 -Wall -Wno-char-subscripts   -I/usr/include/SDL -D_REENTRANT   conftest.c  -L/usr/lib -lSDL -lpthread >&5
configure:6228: $? = 0
configure:6230: ./conftest
configure:6233: $? = 0
configure:6251: result: yes
configure:6369: checking for sys/types.h
configure:6385: gcc -c -I/usr/include/SDL -D_REENTRANT -pipe -O2 -Wall -Wno-char-subscripts    conftest.c >&5
configure:6391: $? = 0
configure:6395: test -z 
			 || test ! -s conftest.err
configure:6398: $? = 0
configure:6401: test -s conftest.o
configure:6404: $? = 0
configure:6415: result: yes
configure:6369: checking for sys/stat.h
configure:6385: gcc -c -I/usr/include/SDL -D_REENTRANT -pipe -O2 -Wall -Wno-char-subscripts    conftest.c >&5
configure:6391: $? = 0
configure:6395: test -z 
			 || test ! -s conftest.err
configure:6398: $? = 0
configure:6401: test -s conftest.o
configure:6404: $? = 0
configure:6415: result: yes
configure:6369: checking for stdlib.h
configure:6385: gcc -c -I/usr/include/SDL -D_REENTRANT -pipe -O2 -Wall -Wno-char-subscripts    conftest.c >&5
configure:6391: $? = 0
configure:6395: test -z 
			 || test ! -s conftest.err
configure:6398: $? = 0
configure:6401: test -s conftest.o
configure:6404: $? = 0
configure:6415: result: yes
configure:6369: checking for string.h
configure:6385: gcc -c -I/usr/include/SDL -D_REENTRANT -pipe -O2 -Wall -Wno-char-subscripts    conftest.c >&5
configure:6391: $? = 0
configure:6395: test -z 
			 || test ! -s conftest.err
configure:6398: $? = 0
configure:6401: test -s conftest.o
configure:6404: $? = 0
configure:6415: result: yes
configure:6369: checking for memory.h
configure:6385: gcc -c -I/usr/include/SDL -D_REENTRANT -pipe -O2 -Wall -Wno-char-subscripts    conftest.c >&5
configure:6391: $? = 0
configure:6395: test -z 
			 || test ! -s conftest.err
configure:6398: $? = 0
configure:6401: test -s conftest.o
configure:6404: $? = 0
configure:6415: result: yes
configure:6369: checking for strings.h
configure:6385: gcc -c -I/usr/include/SDL -D_REENTRANT -pipe -O2 -Wall -Wno-char-subscripts    conftest.c >&5
configure:6391: $? = 0
configure:6395: test -z 
			 || test ! -s conftest.err
configure:6398: $? = 0
configure:6401: test -s conftest.o
configure:6404: $? = 0
configure:6415: result: yes
configure:6369: checking for inttypes.h
configure:6385: gcc -c -I/usr/include/SDL -D_REENTRANT -pipe -O2 -Wall -Wno-char-subscripts    conftest.c >&5
configure:6391: $? = 0
configure:6395: test -z 
			 || test ! -s conftest.err
configure:6398: $? = 0
configure:6401: test -s conftest.o
configure:6404: $? = 0
configure:6415: result: yes
configure:6369: checking for stdint.h
configure:6385: gcc -c -I/usr/include/SDL -D_REENTRANT -pipe -O2 -Wall -Wno-char-subscripts    conftest.c >&5
configure:6391: $? = 0
configure:6395: test -z 
			 || test ! -s conftest.err
configure:6398: $? = 0
configure:6401: test -s conftest.o
configure:6404: $? = 0
configure:6415: result: yes
configure:6369: checking for unistd.h
configure:6385: gcc -c -I/usr/include/SDL -D_REENTRANT -pipe -O2 -Wall -Wno-char-subscripts    conftest.c >&5
configure:6391: $? = 0
configure:6395: test -z 
			 || test ! -s conftest.err
configure:6398: $? = 0
configure:6401: test -s conftest.o
configure:6404: $? = 0
configure:6415: result: yes
configure:6441: checking netipx/ipx.h usability
configure:6453: gcc -c -I/usr/include/SDL -D_REENTRANT -pipe -O2 -Wall -Wno-char-subscripts    conftest.c >&5
configure:6459: $? = 0
configure:6463: test -z 
			 || test ! -s conftest.err
configure:6466: $? = 0
configure:6469: test -s conftest.o
configure:6472: $? = 0
configure:6482: result: yes
configure:6486: checking netipx/ipx.h presence
configure:6496: gcc -E  conftest.c
configure:6502: $? = 0
configure:6522: result: yes
configure:6557: checking for netipx/ipx.h
configure:6564: result: yes
configure:6617: checking for main in -lGL
configure:6642: gcc -o conftest -I/usr/include/SDL -D_REENTRANT -pipe -O2 -Wall -Wno-char-subscripts     conftest.c -lGL 
             -L/usr/lib -lSDL -lpthread  >&5
configure:6648: $? = 0
configure:6652: test -z 
			 || test ! -s conftest.err
configure:6655: $? = 0
configure:6658: test -s conftest
configure:6661: $? = 0
configure:6674: result: yes
configure:6617: checking for main in -lGLU
configure:6642: gcc -o conftest -I/usr/include/SDL -D_REENTRANT -pipe -O2 -Wall -Wno-char-subscripts     conftest.c -lGLU  -lGL
             -L/usr/lib -lSDL -lpthread  >&5
configure:6648: $? = 0
configure:6652: test -z 
			 || test ! -s conftest.err
configure:6655: $? = 0
configure:6658: test -s conftest
configure:6661: $? = 0
configure:6674: result: yes
configure:7599: creating ./config.status

## ---------------------- ##
## Running config.status. ##
## ---------------------- ##

This file was extended by d2x-xl config.status 1.5.27, which was
generated by GNU Autoconf 2.59.  Invocation command line was

  CONFIG_FILES    = 
  CONFIG_HEADERS  = 
  CONFIG_LINKS    = 
  CONFIG_COMMANDS = 
  $ ./config.status 

on wka-lx-dm

config.status:773: creating Makefile
config.status:773: creating 2d/Makefile
config.status:773: creating 3d/Makefile
config.status:773: creating arch/Makefile
config.status:773: creating arch/linux/Makefile
config.status:773: creating arch/ogl/Makefile
config.status:773: creating arch/sdl/Makefile
config.status:773: creating arch/win32/Makefile
config.status:773: creating console/Makefile
config.status:773: creating iff/Makefile
config.status:773: creating libmve/Makefile
config.status:773: creating main/Makefile
config.status:773: creating maths/Makefile
config.status:773: creating mem/Makefile
config.status:773: creating misc/Makefile
config.status:773: creating texmap/Makefile
config.status:773: creating cfile/Makefile
config.status:877: creating conf.h
config.status:1199: executing depfiles commands
configure:8976: result:
        d2x has been configured successfully.

        Platform(s): linux ogl sdl
        Features   : no_asm network kalinix ipx OpenGL fasteventpoll fastfileio release   

        Shared game data directory (unix only): /usr/local/share/games/d2x-xl
        

## ---------------- ##
## Cache variables. ##
## ---------------- ##

ac_cv_build=i686-suse-linux
ac_cv_build_alias=i686-suse-linux
ac_cv_c_bigendian=no
ac_cv_c_compiler_gnu=yes
ac_cv_cxx_compiler_gnu=yes
ac_cv_env_CCASFLAGS_set=
ac_cv_env_CCASFLAGS_value=
ac_cv_env_CCAS_set=
ac_cv_env_CCAS_value=
ac_cv_env_CC_set=
ac_cv_env_CC_value=
ac_cv_env_CFLAGS_set=
ac_cv_env_CFLAGS_value=
ac_cv_env_CPPFLAGS_set=
ac_cv_env_CPPFLAGS_value=
ac_cv_env_CPP_set=
ac_cv_env_CPP_value=
ac_cv_env_CXXFLAGS_set=
ac_cv_env_CXXFLAGS_value=
ac_cv_env_CXX_set=
ac_cv_env_CXX_value=
ac_cv_env_LDFLAGS_set=
ac_cv_env_LDFLAGS_value=
ac_cv_env_build_alias_set=
ac_cv_env_build_alias_value=
ac_cv_env_host_alias_set=
ac_cv_env_host_alias_value=
ac_cv_env_target_alias_set=
ac_cv_env_target_alias_value=
ac_cv_exeext=
ac_cv_have_decl_nanosleep=yes
ac_cv_header_inttypes_h=yes
ac_cv_header_memory_h=yes
ac_cv_header_netipx_ipx_h=yes
ac_cv_header_stdc=yes
ac_cv_header_stdint_h=yes
ac_cv_header_stdlib_h=yes
ac_cv_header_string_h=yes
ac_cv_header_strings_h=yes
ac_cv_header_sys_stat_h=yes
ac_cv_header_sys_types_h=yes
ac_cv_header_unistd_h=yes
ac_cv_host=i686-suse-linux
ac_cv_host_alias=i686-suse-linux
ac_cv_lib_GLU___main=yes
ac_cv_lib_GL___main=yes
ac_cv_objext=o
ac_cv_path_SDL_CONFIG=/usr/bin/sdl-config
ac_cv_path_install='/usr/bin/install -c'
ac_cv_prog_AWK=gawk
ac_cv_prog_CPP='gcc -E'
ac_cv_prog_ac_ct_AR=ar
ac_cv_prog_ac_ct_CC=gcc
ac_cv_prog_ac_ct_CXX=g++
ac_cv_prog_ac_ct_RANLIB=ranlib
ac_cv_prog_ac_ct_STRIP=strip
ac_cv_prog_cc_g=yes
ac_cv_prog_cc_stdc=
ac_cv_prog_cxx_g=yes
ac_cv_prog_egrep='grep -E'
ac_cv_prog_make_make_set=yes
ac_cv_search_strerror='none required'
ac_cv_target=i686-suse-linux
ac_cv_target_alias=i686-suse-linux
ac_cv_type_struct_timespec=yes
ac_cv_type_struct_timeval=yes
am_cv_CC_dependencies_compiler_type=gcc3
am_cv_CXX_dependencies_compiler_type=gcc3

## ----------------- ##
## Output variables. ##
## ----------------- ##

ACLOCAL='${SHELL} /home/dmali/d2x-xl/src/missing --run aclocal-1.9'
AMDEPBACKSLASH='\'
AMDEP_FALSE='#'
AMDEP_TRUE=''
AMTAR='${SHELL} /home/dmali/d2x-xl/src/missing --run tar'
AR='ar'
AUTOCONF='${SHELL} /home/dmali/d2x-xl/src/missing --run autoconf'
AUTOHEADER='${SHELL} /home/dmali/d2x-xl/src/missing --run autoheader'
AUTOMAKE='${SHELL} /home/dmali/d2x-xl/src/missing --run automake-1.9'
AWK='gawk'
CC='gcc'
CCAS='gcc'
CCASFLAGS='-I $(top_srcdir)/arch/linux/include -I/usr/include/SDL -D_REENTRANT -pipe -O2 -Wall -Wno-char-subscripts  '
CCDEPMODE='depmode=gcc3'
CFLAGS='-I $(top_srcdir)/arch/linux/include -I/usr/include/SDL -D_REENTRANT -pipe -O2 -Wall -Wno-char-subscripts  '
CONSOLE_FALSE=''
CONSOLE_TRUE='#'
CPP='gcc -E'
CPPFLAGS=''
CXX='g++'
CXXDEPMODE='depmode=gcc3'
CXXFLAGS='-g -O2'
CYGPATH_W='echo'
D2X_ARCH_SUBDIRS='linux ogl sdl'
D2X_MAIN_SUBDIRS=''
D2X_SUBDIRS=''
DEFS='-DHAVE_CONFIG_H'
DEPDIR='.deps'
ECHO_C=''
ECHO_N='-n'
ECHO_T=''
EDITOR_FALSE=''
EDITOR_TRUE='#'
EGREP='grep -E'
EXEEXT=''
GGI_LIBS=''
INSTALL_DATA='${INSTALL} -m 644'
INSTALL_PROGRAM='${INSTALL}'
INSTALL_SCRIPT='${INSTALL}'
INSTALL_STRIP_PROGRAM='${SHELL} $(install_sh) -c -s'
LDFLAGS=''
LIBOBJS=''
LIBS='-L/usr/lib -lSDL -lpthread '
LTLIBOBJS=''
MACDATA_FALSE=''
MACDATA_TRUE='#'
MACOSX_FALSE=''
MACOSX_TRUE='#'
MAINT='#'
MAINTAINER_MODE_FALSE=''
MAINTAINER_MODE_TRUE='#'
MAKEINFO='${SHELL} /home/dmali/d2x-xl/src/missing --run makeinfo'
MINGW32_FALSE=''
MINGW32_TRUE='#'
NASM='no'
NASMFLAGS=''
OBJEXT='o'
OGL_LIBS=' -lGL -lGLU'
PACKAGE='d2x-xl'
PACKAGE_BUGREPORT='karx11erx@hotmail.com'
PACKAGE_NAME='d2x-xl'
PACKAGE_STRING='d2x-xl 1.5.27'
PACKAGE_TARNAME='d2x-xl'
PACKAGE_VERSION='1.5.27'
PATH_SEPARATOR=':'
RANLIB='ranlib'
SDL_CFLAGS='-I/usr/include/SDL -D_REENTRANT'
SDL_CONFIG='/usr/bin/sdl-config'
SDL_LIBS='-L/usr/lib -lSDL -lpthread'
SET_MAKE=''
SHELL='/bin/sh'
STRIP='strip'
SVGA_LIBS=''
TARGETS='d2x-gl'
USE_ASM_FALSE=''
USE_ASM_TRUE='#'
USE_GGI_FALSE=''
USE_GGI_TRUE='#'
USE_KALINIX_FALSE='#'
USE_KALINIX_TRUE=''
USE_LIBPNG_FALSE=''
USE_LIBPNG_TRUE='#'
USE_LINUX_JOY_FALSE=''
USE_LINUX_JOY_TRUE='#'
USE_NATIVE_IPX_FALSE='#'
USE_NATIVE_IPX_TRUE=''
USE_NETWORK_FALSE='#'
USE_NETWORK_TRUE=''
USE_OPENGL_FALSE='#'
USE_OPENGL_TRUE=''
USE_SVGALIB_FALSE=''
USE_SVGALIB_TRUE='#'
VERSION='1.5.27'
ac_ct_AR='ar'
ac_ct_CC='gcc'
ac_ct_CXX='g++'
ac_ct_RANLIB='ranlib'
ac_ct_STRIP='strip'
am__fastdepCC_FALSE='#'
am__fastdepCC_TRUE=''
am__fastdepCXX_FALSE='#'
am__fastdepCXX_TRUE=''
am__include='include'
am__leading_dot='.'
am__quote=''
am__tar='${AMTAR} chof - "$$tardir"'
am__untar='${AMTAR} xf -'
bindir='${exec_prefix}/bin'
build='i686-suse-linux'
build_alias=''
build_cpu='i686'
build_os='linux'
build_vendor='suse'
datadir='${prefix}/share'
exec_prefix='/usr/local'
host='i686-suse-linux'
host_alias=''
host_cpu='i686'
host_os='linux'
host_vendor='suse'
includedir='${prefix}/include'
infodir='${prefix}/info'
install_sh='/home/dmali/d2x-xl/src/install-sh'
libdir='${exec_prefix}/lib'
libexecdir='${exec_prefix}/libexec'
localstatedir='${prefix}/var'
mandir='${prefix}/man'
mkdir_p='mkdir -p --'
oldincludedir='/usr/include'
prefix='/usr/local'
program_transform_name='s,x,x,'
sbindir='${exec_prefix}/sbin'
sharedstatedir='${prefix}/com'
sharepath='/usr/local/share/games/d2x-xl'
sysconfdir='${prefix}/etc'
target='i686-suse-linux'
target_alias=''
target_cpu='i686'
target_os='linux'
target_vendor='suse'

## ----------- ##
## confdefs.h. ##
## ----------- ##

#define D2XMAJOR 1
#define D2XMICRO 27
#define D2XMINOR 5
#define FAST_EVENTPOLL
#define FAST_FILE_IO
#define HAVE_DECL_NANOSLEEP 1
#define HAVE_INTTYPES_H 1
#define HAVE_MEMORY_H 1
#define HAVE_NETIPX_IPX_H 1
#define HAVE_STDINT_H 1
#define HAVE_STDLIB_H 1
#define HAVE_STRINGS_H 1
#define HAVE_STRING_H 1
#define HAVE_STRUCT_TIMESPEC 1
#define HAVE_STRUCT_TIMEVAL 1
#define HAVE_SYS_STAT_H 1
#define HAVE_SYS_TYPES_H 1
#define HAVE_UNISTD_H 1
#define KALINIX
#define NATIVE_IPX
#define NDEBUG
#define NETWORK
#define NO_ASM
#define OGL
#define OGL_ZBUF 1
#define PACKAGE "d2x-xl"
#define PACKAGE_BUGREPORT "karx11erx@hotmail.com"
#define PACKAGE_NAME "d2x-xl"
#define PACKAGE_STRING "d2x-xl 1.5.27"
#define PACKAGE_TARNAME "d2x-xl"
#define PACKAGE_VERSION "1.5.27"
#define RELEASE
#define SHAREPATH "/usr/local/share/games/d2x-xl"
#define STDC_HEADERS 1
#define VERSION "1.5.27"
#endif
#ifdef __cplusplus
extern "C" void std::exit (int) throw (); using std::exit;

configure: exit 0
